Using pre-set license
Built from '2020.3/staging' branch; Version is '2020.3.26f1 (7298b473bc1a) revision 7510196'; Using compiler version '192528614'; Build Type 'Release'
OS: 'Windows 10  (10.0.19042) 64bit Core' Language: 'en' Physical Memory: 16324 MB
BatchMode: 1, IsHumanControllingUs: 0, StartBugReporterOnCrash: 0, Is64bit: 1, IsPro: 0

COMMAND LINE ARGUMENTS:
D:\UnityHub\2020.3.26f1\Editor\Unity.exe
-adb2
-batchMode
-noUpm
-name
AssetImportWorker0
-projectPath
D:/Perforce/mathias.hjelmqvist_GP2/FG21-FT_GP2_Team16
-logFile
Logs/AssetImportWorker0.log
-srvPort
60288
Successfully changed project path to: D:/Perforce/mathias.hjelmqvist_GP2/FG21-FT_GP2_Team16
D:/Perforce/mathias.hjelmqvist_GP2/FG21-FT_GP2_Team16
Using Asset Import Pipeline V2.
Refreshing native plugins compatible for Editor in 160.00 ms, found 8 plugins.
Preloading 0 native plugins for Editor in 0.00 ms.
Initialize engine version: 2020.3.26f1 (7298b473bc1a)
[Subsystems] Discovering subsystems at path D:/UnityHub/2020.3.26f1/Editor/Data/Resources/UnitySubsystems
[Subsystems] Discovering subsystems at path D:/Perforce/mathias.hjelmqvist_GP2/FG21-FT_GP2_Team16/Assets
GfxDevice: creating device client; threaded=0
Direct3D:
    Version:  Direct3D 11.0 [level 11.1]
    Renderer: NVIDIA GeForce GTX 1060 6GB (ID=0x1c03)
    Vendor:   
    VRAM:     6052 MB
    Driver:   27.21.14.5671
Initialize mono
Mono path[0] = 'D:/UnityHub/2020.3.26f1/Editor/Data/Managed'
Mono path[1] = 'D:/UnityHub/2020.3.26f1/Editor/Data/MonoBleedingEdge/lib/mono/unityjit'
Mono config path = 'D:/UnityHub/2020.3.26f1/Editor/Data/MonoBleedingEdge/etc'
Using monoOptions --debugger-agent=transport=dt_socket,embedding=1,server=y,suspend=n,address=127.0.0.1:56912
Begin MonoManager ReloadAssembly
Registering precompiled unity dll's ...
Register platform support module: D:/UnityHub/2020.3.26f1/Editor/Data/PlaybackEngines/WindowsStandaloneSupport/UnityEditor.WindowsStandalone.Extensions.dll
Registered in 0.007860 seconds.
Native extension for WindowsStandalone target not found
Refreshing native plugins compatible for Editor in 101.70 ms, found 8 plugins.
Preloading 0 native plugins for Editor in 0.00 ms.
Mono: successfully reloaded assembly
- Completed reload, in  1.021 seconds
Domain Reload Profiling:
	ReloadAssembly (1022ms)
		BeginReloadAssembly (141ms)
			ExecutionOrderSort (0ms)
			DisableScriptedObjects (0ms)
			BackupInstance (0ms)
			ReleaseScriptingObjects (0ms)
			CreateAndSetChildDomain (2ms)
		EndReloadAssembly (755ms)
			LoadAssemblies (132ms)
			RebuildTransferFunctionScriptingTraits (0ms)
			SetupTypeCache (240ms)
			ReleaseScriptCaches (0ms)
			RebuildScriptCaches (64ms)
			SetupLoadedEditorAssemblies (282ms)
				LogAssemblyErrors (0ms)
				InitializePlatformSupportModulesInManaged (6ms)
				SetLoadedEditorAssemblies (0ms)
				RefreshPlugins (102ms)
				BeforeProcessingInitializeOnLoad (27ms)
				ProcessInitializeOnLoadAttributes (111ms)
				ProcessInitializeOnLoadMethodAttributes (35ms)
				AfterProcessingInitializeOnLoad (0ms)
				EditorAssembliesLoaded (0ms)
			ExecutionOrderSort2 (0ms)
			AwakeInstancesAfterBackupRestoration (0ms)
Platform modules already initialized, skipping
Registering precompiled user dll's ...
Registered in 0.027221 seconds.
Begin MonoManager ReloadAssembly
Native extension for WindowsStandalone target not found
Refreshing native plugins compatible for Editor in 1.40 ms, found 8 plugins.
Preloading 0 native plugins for Editor in 0.00 ms.
Mono: successfully reloaded assembly
- Completed reload, in  1.834 seconds
Domain Reload Profiling:
	ReloadAssembly (1835ms)
		BeginReloadAssembly (248ms)
			ExecutionOrderSort (0ms)
			DisableScriptedObjects (7ms)
			BackupInstance (0ms)
			ReleaseScriptingObjects (0ms)
			CreateAndSetChildDomain (23ms)
		EndReloadAssembly (1452ms)
			LoadAssemblies (204ms)
			RebuildTransferFunctionScriptingTraits (0ms)
			SetupTypeCache (487ms)
			ReleaseScriptCaches (1ms)
			RebuildScriptCaches (89ms)
			SetupLoadedEditorAssemblies (558ms)
				LogAssemblyErrors (0ms)
				InitializePlatformSupportModulesInManaged (6ms)
				SetLoadedEditorAssemblies (1ms)
				RefreshPlugins (2ms)
				BeforeProcessingInitializeOnLoad (193ms)
				ProcessInitializeOnLoadAttributes (315ms)
				ProcessInitializeOnLoadMethodAttributes (16ms)
				AfterProcessingInitializeOnLoad (24ms)
				EditorAssembliesLoaded (0ms)
			ExecutionOrderSort2 (0ms)
			AwakeInstancesAfterBackupRestoration (8ms)
Platform modules already initialized, skipping
========================================================================
Worker process is ready to serve import requests
Launched and connected shader compiler UnityShaderCompiler.exe after 0.15 seconds
Refreshing native plugins compatible for Editor in 1.19 ms, found 8 plugins.
Preloading 0 native plugins for Editor in 0.00 ms.
Unloading 2788 Unused Serialized files (Serialized files now loaded: 0)
System memory in use before: 201.5 MB.
System memory in use after: 201.6 MB.

Unloading 83 unused Assets to reduce memory usage. Loaded Objects now: 3166.
Total: 3.095900 ms (FindLiveObjects: 0.225000 ms CreateObjectMapping: 0.117500 ms MarkObjects: 2.617800 ms  DeleteObjects: 0.134600 ms)

AssetImportParameters requested are different than current active one (requested -> active):
  custom:framework-win-MediaFoundation: 216162199b28c13a410421893ffa2e32 -> 
  custom:video-decoder-ogg-theora: a1e56fd34408186e4bbccfd4996cb3dc -> 
  custom:container-muxer-webm: aa71ff27fc2769a1b78a27578f13a17b -> 
  custom:container-demuxer-webm: 4f35f7cbe854078d1ac9338744f61a02 -> 
  custom:container-demuxer-ogg: 62fdf1f143b41e24485cea50d1cbac27 -> 
  custom:video-encoder-webm-vp8: eb34c28f22e8b96e1ab97ce403110664 -> 
  custom:video-codec-MediaFoundation-h265: 746d11721c4dcdbdad8f713fa42b33f4 -> 
  custom:video-decoder-webm-vp8: 9c59270c3fd7afecdb556c50c9e8de78 -> 
  custom:audio-decoder-ogg-vorbis: bf7c407c2cedff20999df2af8eb42d56 -> 
  custom:audio-encoder-webm-vorbis: bf7c407c2cedff20999df2af8eb42d56 -> 
========================================================================
Received Import Request.
  path: Assets/Scenes/Real Scenes/GameScene/Lightmap-9_comp_light.exr
  artifactKey: Guid(7904f3d525042864f93370c5cd41e2f8) Importer(815301076,1909f56bfc062723c751e8b465ee728b)
Start importing Assets/Scenes/Real Scenes/GameScene/Lightmap-9_comp_light.exr using Guid(7904f3d525042864f93370c5cd41e2f8) Importer(815301076,1909f56bfc062723c751e8b465ee728b)  -> (artifact id: 'd55832a27523c16d490a0198f6bd937d') in 0.322031 seconds 
  Import took 0.349621 seconds .

========================================================================
Received Import Request.
  Time since last request: 0.000326 seconds.
  path: Assets/Scenes/Real Scenes/GameScene/Lightmap-1_comp_light.exr
  artifactKey: Guid(d2379712520333f4491ed34a563df6b2) Importer(815301076,1909f56bfc062723c751e8b465ee728b)
Start importing Assets/Scenes/Real Scenes/GameScene/Lightmap-1_comp_light.exr using Guid(d2379712520333f4491ed34a563df6b2) Importer(815301076,1909f56bfc062723c751e8b465ee728b)  -> (artifact id: '5fe083d47f6c957cd1e60b03064e2bfa') in 0.055426 seconds 
  Import took 0.087579 seconds .

========================================================================
Received Import Request.
  Time since last request: 0.000256 seconds.
  path: Assets/Scenes/Real Scenes/GameScene/Lightmap-12_comp_light.exr
  artifactKey: Guid(738f8e3930610dc4aad3205b0ece491d) Importer(815301076,1909f56bfc062723c751e8b465ee728b)
Start importing Assets/Scenes/Real Scenes/GameScene/Lightmap-12_comp_light.exr using Guid(738f8e3930610dc4aad3205b0ece491d) Importer(815301076,1909f56bfc062723c751e8b465ee728b)  -> (artifact id: '102978037649d2efd0410522e419426c') in 0.023934 seconds 
  Import took 0.052793 seconds .

========================================================================
Received Import Request.
  Time since last request: 0.000284 seconds.
  path: Assets/Scenes/Real Scenes/GameScene/Lightmap-6_comp_light.exr
  artifactKey: Guid(3430006b0afd432408bef2a18f870009) Importer(815301076,1909f56bfc062723c751e8b465ee728b)
Start importing Assets/Scenes/Real Scenes/GameScene/Lightmap-6_comp_light.exr using Guid(3430006b0afd432408bef2a18f870009) Importer(815301076,1909f56bfc062723c751e8b465ee728b)  -> (artifact id: 'c77d328f3ccddf9904c293b13c4f2691') in 0.020218 seconds 
  Import took 0.046346 seconds .

========================================================================
Received Import Request.
  Time since last request: 0.000259 seconds.
  path: Assets/Scenes/Real Scenes/GameScene/Lightmap-2_comp_light.exr
  artifactKey: Guid(664588b248496824dbc45014943a1c3e) Importer(815301076,1909f56bfc062723c751e8b465ee728b)
Start importing Assets/Scenes/Real Scenes/GameScene/Lightmap-2_comp_light.exr using Guid(664588b248496824dbc45014943a1c3e) Importer(815301076,1909f56bfc062723c751e8b465ee728b)  -> (artifact id: 'f1ab7ffd275c3cfd3ba67e9fc8773afa') in 0.021157 seconds 
  Import took 0.035149 seconds .

========================================================================
Received Import Request.
  Time since last request: 0.000275 seconds.
  path: Assets/Scenes/Real Scenes/GameScene/Lightmap-8_comp_light.exr
  artifactKey: Guid(e3e807d688d5ccd458f94c1b72a2a125) Importer(815301076,1909f56bfc062723c751e8b465ee728b)
Start importing Assets/Scenes/Real Scenes/GameScene/Lightmap-8_comp_light.exr using Guid(e3e807d688d5ccd458f94c1b72a2a125) Importer(815301076,1909f56bfc062723c751e8b465ee728b)  -> (artifact id: '23e4d13c847764288545dccfc194936e') in 0.020987 seconds 
  Import took 0.035834 seconds .

========================================================================
Received Import Request.
  Time since last request: 0.000304 seconds.
  path: Assets/Scenes/Real Scenes/GameScene/Lightmap-15_comp_light.exr
  artifactKey: Guid(af08905bff0c6024980dfa08010ef63c) Importer(815301076,1909f56bfc062723c751e8b465ee728b)
Start importing Assets/Scenes/Real Scenes/GameScene/Lightmap-15_comp_light.exr using Guid(af08905bff0c6024980dfa08010ef63c) Importer(815301076,1909f56bfc062723c751e8b465ee728b)  -> (artifact id: 'a2bbbf4464b4f621f712134028709968') in 0.020620 seconds 
  Import took 0.053185 seconds .

========================================================================
Received Import Request.
  Time since last request: 0.000241 seconds.
  path: Assets/Scenes/Real Scenes/GameScene/Lightmap-4_comp_light.exr
  artifactKey: Guid(57a180b50dbd65347ad22f75cb7b7dc7) Importer(815301076,1909f56bfc062723c751e8b465ee728b)
Start importing Assets/Scenes/Real Scenes/GameScene/Lightmap-4_comp_light.exr using Guid(57a180b50dbd65347ad22f75cb7b7dc7) Importer(815301076,1909f56bfc062723c751e8b465ee728b)  -> (artifact id: '389ccab8cd3b032f79fe21dd903a8185') in 0.019472 seconds 
  Import took 0.026819 seconds .

========================================================================
Received Import Request.
  Time since last request: 0.000315 seconds.
  path: Assets/Scenes/Real Scenes/GameScene/Lightmap-14_comp_light.exr
  artifactKey: Guid(aa2f3bb65905f674cba8f48589e7b944) Importer(815301076,1909f56bfc062723c751e8b465ee728b)
Start importing Assets/Scenes/Real Scenes/GameScene/Lightmap-14_comp_light.exr using Guid(aa2f3bb65905f674cba8f48589e7b944) Importer(815301076,1909f56bfc062723c751e8b465ee728b)  -> (artifact id: '1fe2af5dce849722230a87dedfd4f0a8') in 0.026975 seconds 
  Import took 0.041198 seconds .

========================================================================
Received Import Request.
  Time since last request: 0.000245 seconds.
  path: Assets/Scenes/Real Scenes/GameScene/Lightmap-0_comp_light.exr
  artifactKey: Guid(4136206e5809aff42a30bd393a1913bb) Importer(815301076,1909f56bfc062723c751e8b465ee728b)
Start importing Assets/Scenes/Real Scenes/GameScene/Lightmap-0_comp_light.exr using Guid(4136206e5809aff42a30bd393a1913bb) Importer(815301076,1909f56bfc062723c751e8b465ee728b)  -> (artifact id: '6bb48fdb0c60b850c5dcf635e6ff853d') in 0.032724 seconds 
  Import took 0.046905 seconds .

========================================================================
Received Import Request.
  Time since last request: 0.000225 seconds.
  path: Assets/Scenes/Real Scenes/GameScene/Lightmap-5_comp_light.exr
  artifactKey: Guid(d55252e40aee3f8439a4e6f7dccaf385) Importer(815301076,1909f56bfc062723c751e8b465ee728b)
Start importing Assets/Scenes/Real Scenes/GameScene/Lightmap-5_comp_light.exr using Guid(d55252e40aee3f8439a4e6f7dccaf385) Importer(815301076,1909f56bfc062723c751e8b465ee728b)  -> (artifact id: '1cd5d69d35c296647f9cfe78fc34a0e9') in 0.017293 seconds 
  Import took 0.031695 seconds .

========================================================================
Received Import Request.
  Time since last request: 0.000299 seconds.
  path: Assets/Scenes/Real Scenes/GameScene/Lightmap-10_comp_light.exr
  artifactKey: Guid(408df3c2d410521489f5e0cc24ad131c) Importer(815301076,1909f56bfc062723c751e8b465ee728b)
Start importing Assets/Scenes/Real Scenes/GameScene/Lightmap-10_comp_light.exr using Guid(408df3c2d410521489f5e0cc24ad131c) Importer(815301076,1909f56bfc062723c751e8b465ee728b)  -> (artifact id: 'fc2e41ffdf82b439c4176c19d1b8172c') in 0.018100 seconds 
  Import took 0.033408 seconds .

========================================================================
Received Import Request.
  Time since last request: 0.000294 seconds.
  path: Assets/Scenes/Real Scenes/GameScene/LightingData.asset
  artifactKey: Guid(747e3010ed42fe6459c82ea92238a21c) Importer(815301076,1909f56bfc062723c751e8b465ee728b)
Start importing Assets/Scenes/Real Scenes/GameScene/LightingData.asset using Guid(747e3010ed42fe6459c82ea92238a21c) Importer(815301076,1909f56bfc062723c751e8b465ee728b)  -> (artifact id: 'eb8be7823fb279f79cd5442b0ec2aff0') in 0.026065 seconds 
  Import took 0.043812 seconds .

========================================================================
Received Import Request.
  Time since last request: 0.000243 seconds.
  path: Assets/Scenes/Real Scenes/GameScene/Lightmap-11_comp_light.exr
  artifactKey: Guid(70cc548c646651047bd9d5bdfb4da040) Importer(815301076,1909f56bfc062723c751e8b465ee728b)
Start importing Assets/Scenes/Real Scenes/GameScene/Lightmap-11_comp_light.exr using Guid(70cc548c646651047bd9d5bdfb4da040) Importer(815301076,1909f56bfc062723c751e8b465ee728b)  -> (artifact id: '4c391df7566525656526ae1a7386d57c') in 0.018704 seconds 
  Import took 0.033467 seconds .

========================================================================
Received Import Request.
  Time since last request: 0.000250 seconds.
  path: Assets/Scenes/Real Scenes/GameScene/Lightmap-7_comp_light.exr
  artifactKey: Guid(47343e82a257ca74b8bf4e4ce11344f8) Importer(815301076,1909f56bfc062723c751e8b465ee728b)
Start importing Assets/Scenes/Real Scenes/GameScene/Lightmap-7_comp_light.exr using Guid(47343e82a257ca74b8bf4e4ce11344f8) Importer(815301076,1909f56bfc062723c751e8b465ee728b)  -> (artifact id: '00ea2ae6c6fedb706c6c88dcf974a0c2') in 0.018948 seconds 
  Import took 0.035288 seconds .

========================================================================
Received Import Request.
  Time since last request: 0.000259 seconds.
  path: Assets/Scenes/Real Scenes/GameScene/Lightmap-3_comp_light.exr
  artifactKey: Guid(b66f9a3c4f1658b47b13d00d3a27b217) Importer(815301076,1909f56bfc062723c751e8b465ee728b)
Start importing Assets/Scenes/Real Scenes/GameScene/Lightmap-3_comp_light.exr using Guid(b66f9a3c4f1658b47b13d00d3a27b217) Importer(815301076,1909f56bfc062723c751e8b465ee728b)  -> (artifact id: '96d854ac2ca30f3583af1fbe0ed58f66') in 0.033538 seconds 
  Import took 0.051023 seconds .

========================================================================
Received Import Request.
  Time since last request: 0.000376 seconds.
  path: Assets/Scenes/Real Scenes/GameScene/Lightmap-13_comp_light.exr
  artifactKey: Guid(60ae22feb3c8ae442af3c3e95089b7c5) Importer(815301076,1909f56bfc062723c751e8b465ee728b)
Start importing Assets/Scenes/Real Scenes/GameScene/Lightmap-13_comp_light.exr using Guid(60ae22feb3c8ae442af3c3e95089b7c5) Importer(815301076,1909f56bfc062723c751e8b465ee728b)  -> (artifact id: '8677eda7647a866ed878e5fb61dc8ac7') in 0.020898 seconds 
  Import took 0.028466 seconds .

========================================================================
Received Import Request.
  Time since last request: 334.156094 seconds.
  path: Assets/Scripts/Player
  artifactKey: Guid(9a369f96abc17a8488b687bacd607f1b) Importer(815301076,1909f56bfc062723c751e8b465ee728b)
Start importing Assets/Scripts/Player using Guid(9a369f96abc17a8488b687bacd607f1b) Importer(815301076,1909f56bfc062723c751e8b465ee728b)  -> (artifact id: '91271e94aa79df88a0f256dc97b43623') in 0.019242 seconds 
  Import took 0.035696 seconds .

========================================================================
Received Import Request.
  Time since last request: 6.905263 seconds.
  path: Assets/Scripts/Chore/ChoreStation.cs
  artifactKey: Guid(2b3c4ebfa1c2867458d898993a034522) Importer(815301076,1909f56bfc062723c751e8b465ee728b)
Start importing Assets/Scripts/Chore/ChoreStation.cs using Guid(2b3c4ebfa1c2867458d898993a034522) Importer(815301076,1909f56bfc062723c751e8b465ee728b)  -> (artifact id: '4a1148e4df0bf4dc2030d94d713bf693') in 0.020063 seconds 
  Import took 0.030957 seconds .

========================================================================
Received Prepare
Registering precompiled user dll's ...
Registered in 0.027729 seconds.
Begin MonoManager ReloadAssembly
Native extension for WindowsStandalone target not found
Refreshing native plugins compatible for Editor in 1.29 ms, found 8 plugins.
Preloading 0 native plugins for Editor in 0.00 ms.
Mono: successfully reloaded assembly
- Completed reload, in  2.157 seconds
Domain Reload Profiling:
	ReloadAssembly (2158ms)
		BeginReloadAssembly (247ms)
			ExecutionOrderSort (0ms)
			DisableScriptedObjects (6ms)
			BackupInstance (0ms)
			ReleaseScriptingObjects (0ms)
			CreateAndSetChildDomain (61ms)
		EndReloadAssembly (1790ms)
			LoadAssemblies (222ms)
			RebuildTransferFunctionScriptingTraits (0ms)
			SetupTypeCache (665ms)
			ReleaseScriptCaches (1ms)
			RebuildScriptCaches (88ms)
			SetupLoadedEditorAssemblies (669ms)
				LogAssemblyErrors (0ms)
				InitializePlatformSupportModulesInManaged (9ms)
				SetLoadedEditorAssemblies (1ms)
				RefreshPlugins (1ms)
				BeforeProcessingInitializeOnLoad (241ms)
				ProcessInitializeOnLoadAttributes (375ms)
				ProcessInitializeOnLoadMethodAttributes (12ms)
				AfterProcessingInitializeOnLoad (29ms)
				EditorAssembliesLoaded (0ms)
			ExecutionOrderSort2 (0ms)
			AwakeInstancesAfterBackupRestoration (10ms)
Platform modules already initialized, skipping
Refreshing native plugins compatible for Editor in 1.17 ms, found 8 plugins.
Preloading 0 native plugins for Editor in 0.00 ms.
Unloading 2689 Unused Serialized files (Serialized files now loaded: 0)
System memory in use before: 195.0 MB.
System memory in use after: 195.2 MB.

Unloading 78 unused Assets to reduce memory usage. Loaded Objects now: 3173.
Total: 5.479600 ms (FindLiveObjects: 0.227400 ms CreateObjectMapping: 0.127200 ms MarkObjects: 5.008600 ms  DeleteObjects: 0.114900 ms)

AssetImportParameters requested are different than current active one (requested -> active):
  custom:framework-win-MediaFoundation: 216162199b28c13a410421893ffa2e32 -> 
  custom:video-decoder-ogg-theora: a1e56fd34408186e4bbccfd4996cb3dc -> 
  custom:container-muxer-webm: aa71ff27fc2769a1b78a27578f13a17b -> 
  custom:container-demuxer-webm: 4f35f7cbe854078d1ac9338744f61a02 -> 
  custom:container-demuxer-ogg: 62fdf1f143b41e24485cea50d1cbac27 -> 
  custom:video-encoder-webm-vp8: eb34c28f22e8b96e1ab97ce403110664 -> 
  custom:video-codec-MediaFoundation-h265: 746d11721c4dcdbdad8f713fa42b33f4 -> 
  custom:video-decoder-webm-vp8: 9c59270c3fd7afecdb556c50c9e8de78 -> 
  custom:audio-decoder-ogg-vorbis: bf7c407c2cedff20999df2af8eb42d56 -> 
  custom:audio-encoder-webm-vorbis: bf7c407c2cedff20999df2af8eb42d56 -> 
========================================================================
Received Import Request.
  Time since last request: 307.297752 seconds.
  path: Assets/Prefabs/Timer.prefab
  artifactKey: Guid(5f945163365ad7646b99d9c9fe672554) Importer(815301076,1909f56bfc062723c751e8b465ee728b)
Start importing Assets/Prefabs/Timer.prefab using Guid(5f945163365ad7646b99d9c9fe672554) Importer(815301076,1909f56bfc062723c751e8b465ee728b)  -> (artifact id: '52141eff75cdb0fc908870f6254becf7') in 0.130861 seconds 
  Import took 0.145634 seconds .

========================================================================
Received Import Request.
  Time since last request: 0.000246 seconds.
  path: Assets/Prefabs/GameCanvas.prefab
  artifactKey: Guid(5b6df8646c190ce488f728c896cd7f4f) Importer(815301076,1909f56bfc062723c751e8b465ee728b)
Start importing Assets/Prefabs/GameCanvas.prefab using Guid(5b6df8646c190ce488f728c896cd7f4f) Importer(815301076,1909f56bfc062723c751e8b465ee728b)  -> (artifact id: 'c9fa8281d5dc8502b52f78c62f0b549f') in 0.100553 seconds 
  Import took 0.120738 seconds .

========================================================================
Received Import Request.
  Time since last request: 0.000416 seconds.
  path: Assets/Prefabs/ChoreStations/Bed.prefab
  artifactKey: Guid(7dfe4f7294ada20409f143a408faa0af) Importer(815301076,1909f56bfc062723c751e8b465ee728b)
Start importing Assets/Prefabs/ChoreStations/Bed.prefab using Guid(7dfe4f7294ada20409f143a408faa0af) Importer(815301076,1909f56bfc062723c751e8b465ee728b)  -> (artifact id: '98c732b39394bfb2c29bb9c4ef4b7713') in 0.296551 seconds 
  Import took 0.315003 seconds .

========================================================================
Received Import Request.
  Time since last request: 0.000246 seconds.
  path: Assets/Prefabs/ChoreStations/Wardrobe.prefab
  artifactKey: Guid(2a39cc49034fd3247a89877f4fe0b5d3) Importer(815301076,1909f56bfc062723c751e8b465ee728b)
Start importing Assets/Prefabs/ChoreStations/Wardrobe.prefab using Guid(2a39cc49034fd3247a89877f4fe0b5d3) Importer(815301076,1909f56bfc062723c751e8b465ee728b)  -> (artifact id: '40586ce9f61cfa8355f465b8ae93cf28') in 0.073139 seconds 
  Import took 0.088991 seconds .

========================================================================
Received Import Request.
  Time since last request: 0.000254 seconds.
  path: Assets/Prefabs/ChoreStations/Rug.prefab
  artifactKey: Guid(f566765088ecf804282a982c25927a17) Importer(815301076,1909f56bfc062723c751e8b465ee728b)
Start importing Assets/Prefabs/ChoreStations/Rug.prefab using Guid(f566765088ecf804282a982c25927a17) Importer(815301076,1909f56bfc062723c751e8b465ee728b)  -> (artifact id: 'ba550dec62ebe02a715429c4dec3528f') in 0.067340 seconds 
  Import took 0.086693 seconds .

========================================================================
Received Import Request.
  Time since last request: 0.000262 seconds.
  path: Assets/Prefabs/ChoreStations/Toilet.prefab
  artifactKey: Guid(8625671ea3336724facde737046b5917) Importer(815301076,1909f56bfc062723c751e8b465ee728b)
Start importing Assets/Prefabs/ChoreStations/Toilet.prefab using Guid(8625671ea3336724facde737046b5917) Importer(815301076,1909f56bfc062723c751e8b465ee728b)  -> (artifact id: '688a6e3a9c3754e55227372962cc2b71') in 0.096244 seconds 
  Import took 0.104014 seconds .

========================================================================
Received Import Request.
  Time since last request: 0.000267 seconds.
  path: Assets/Prefabs/ChoreStations/KitchenSink.prefab
  artifactKey: Guid(210bcf3e85d60294186cb48947d799c1) Importer(815301076,1909f56bfc062723c751e8b465ee728b)
Start importing Assets/Prefabs/ChoreStations/KitchenSink.prefab using Guid(210bcf3e85d60294186cb48947d799c1) Importer(815301076,1909f56bfc062723c751e8b465ee728b)  -> (artifact id: 'e3326f6093d9185ec4be8f97a513680b') in 0.122649 seconds 
  Import took 0.130432 seconds .

========================================================================
Received Import Request.
  Time since last request: 0.000253 seconds.
  path: Assets/Prefabs/ChoreStations/Window.prefab
  artifactKey: Guid(3f9fc045b9908144fb9810a81d299516) Importer(815301076,1909f56bfc062723c751e8b465ee728b)
Start importing Assets/Prefabs/ChoreStations/Window.prefab using Guid(3f9fc045b9908144fb9810a81d299516) Importer(815301076,1909f56bfc062723c751e8b465ee728b)  -> (artifact id: 'c68c768074c33ad2c354ac8224f1a0ad') in 0.180677 seconds 
  Import took 0.198294 seconds .

========================================================================
Received Import Request.
  Time since last request: 0.000232 seconds.
  path: Assets/Prefabs/Player.prefab
  artifactKey: Guid(922b2a27ebbb9374c8daffb2affd0da0) Importer(815301076,1909f56bfc062723c751e8b465ee728b)
Start importing Assets/Prefabs/Player.prefab using Guid(922b2a27ebbb9374c8daffb2affd0da0) Importer(815301076,1909f56bfc062723c751e8b465ee728b)  -> (artifact id: '6ccfdfb1bd5846fa972121aa3506cf72') in 0.455536 seconds 
  Import took 0.477188 seconds .

========================================================================
Received Import Request.
  Time since last request: 0.000293 seconds.
  path: Assets/Prefabs/ChoreStations/StorageKitchen.prefab
  artifactKey: Guid(09bc6c2634d369a4486f9ea58ef1ee81) Importer(815301076,1909f56bfc062723c751e8b465ee728b)
Start importing Assets/Prefabs/ChoreStations/StorageKitchen.prefab using Guid(09bc6c2634d369a4486f9ea58ef1ee81) Importer(815301076,1909f56bfc062723c751e8b465ee728b)  -> (artifact id: '66efc736eb46a1887e7832721da6a437') in 0.050318 seconds 
  Import took 0.069542 seconds .

========================================================================
Received Import Request.
  Time since last request: 0.000310 seconds.
  path: Assets/Prefabs/ChoreStations/LandlineTelephone.prefab
  artifactKey: Guid(e896b3ab12da5fd4abd1e1cf3f4b727d) Importer(815301076,1909f56bfc062723c751e8b465ee728b)
Start importing Assets/Prefabs/ChoreStations/LandlineTelephone.prefab using Guid(e896b3ab12da5fd4abd1e1cf3f4b727d) Importer(815301076,1909f56bfc062723c751e8b465ee728b)  -> (artifact id: '356d3d7244f1a3575d6ad9ae3f94c0fa') in 0.090978 seconds 
  Import took 0.120749 seconds .

========================================================================
Received Import Request.
  Time since last request: 0.000299 seconds.
  path: Assets/Prefabs/ChoreStations/WashingMachine.prefab
  artifactKey: Guid(27df494c3821c8a4d90f8edb33c08bc5) Importer(815301076,1909f56bfc062723c751e8b465ee728b)
Start importing Assets/Prefabs/ChoreStations/WashingMachine.prefab using Guid(27df494c3821c8a4d90f8edb33c08bc5) Importer(815301076,1909f56bfc062723c751e8b465ee728b)  -> (artifact id: '902f5e1c856c21f45f54bf47468f15d4') in 0.154529 seconds 
  Import took 0.163667 seconds .

========================================================================
Received Import Request.
  Time since last request: 0.000247 seconds.
  path: Assets/Prefabs/ChoreStations/TrashCan.prefab
  artifactKey: Guid(814e2a043e2f92a4da31f43f26136f98) Importer(815301076,1909f56bfc062723c751e8b465ee728b)
Start importing Assets/Prefabs/ChoreStations/TrashCan.prefab using Guid(814e2a043e2f92a4da31f43f26136f98) Importer(815301076,1909f56bfc062723c751e8b465ee728b)  -> (artifact id: 'f035e2a0cda0e7fb52b2107d1e420af5') in 0.078108 seconds 
  Import took 0.094531 seconds .

========================================================================
Received Import Request.
  Time since last request: 1746.422731 seconds.
  path: Assets/Plugins/FMOD/Resources/FMODStudioSettings.asset
  artifactKey: Guid(706a05290d2f1a142a892756c0c990d1) Importer(815301076,1909f56bfc062723c751e8b465ee728b)
Start importing Assets/Plugins/FMOD/Resources/FMODStudioSettings.asset using Guid(706a05290d2f1a142a892756c0c990d1) Importer(815301076,1909f56bfc062723c751e8b465ee728b)  -> (artifact id: '4b493a92505d7d6bcdef4ee52684fa93') in 0.065351 seconds 
  Import took 0.085575 seconds .

========================================================================
Received Prepare
Registering precompiled user dll's ...
Registered in 0.027422 seconds.
Begin MonoManager ReloadAssembly
Native extension for WindowsStandalone target not found
Refreshing native plugins compatible for Editor in 2.47 ms, found 8 plugins.
Preloading 0 native plugins for Editor in 0.00 ms.
Mono: successfully reloaded assembly
- Completed reload, in  2.104 seconds
Domain Reload Profiling:
	ReloadAssembly (2104ms)
		BeginReloadAssembly (246ms)
			ExecutionOrderSort (0ms)
			DisableScriptedObjects (7ms)
			BackupInstance (0ms)
			ReleaseScriptingObjects (0ms)
			CreateAndSetChildDomain (63ms)
		EndReloadAssembly (1727ms)
			LoadAssemblies (217ms)
			RebuildTransferFunctionScriptingTraits (0ms)
			SetupTypeCache (516ms)
			ReleaseScriptCaches (2ms)
			RebuildScriptCaches (78ms)
			SetupLoadedEditorAssemblies (711ms)
				LogAssemblyErrors (0ms)
				InitializePlatformSupportModulesInManaged (10ms)
				SetLoadedEditorAssemblies (1ms)
				RefreshPlugins (3ms)
				BeforeProcessingInitializeOnLoad (238ms)
				ProcessInitializeOnLoadAttributes (417ms)
				ProcessInitializeOnLoadMethodAttributes (14ms)
				AfterProcessingInitializeOnLoad (28ms)
				EditorAssembliesLoaded (0ms)
			ExecutionOrderSort2 (0ms)
			AwakeInstancesAfterBackupRestoration (8ms)
Platform modules already initialized, skipping
Refreshing native plugins compatible for Editor in 1.23 ms, found 8 plugins.
Preloading 0 native plugins for Editor in 0.00 ms.
Unloading 2689 Unused Serialized files (Serialized files now loaded: 0)
System memory in use before: 209.6 MB.
System memory in use after: 209.8 MB.

Unloading 82 unused Assets to reduce memory usage. Loaded Objects now: 3187.
Total: 4.775500 ms (FindLiveObjects: 0.650500 ms CreateObjectMapping: 0.198300 ms MarkObjects: 3.763900 ms  DeleteObjects: 0.161100 ms)

AssetImportParameters requested are different than current active one (requested -> active):
  custom:framework-win-MediaFoundation: 216162199b28c13a410421893ffa2e32 -> 
  custom:video-decoder-ogg-theora: a1e56fd34408186e4bbccfd4996cb3dc -> 
  custom:container-muxer-webm: aa71ff27fc2769a1b78a27578f13a17b -> 
  custom:container-demuxer-webm: 4f35f7cbe854078d1ac9338744f61a02 -> 
  custom:container-demuxer-ogg: 62fdf1f143b41e24485cea50d1cbac27 -> 
  custom:video-encoder-webm-vp8: eb34c28f22e8b96e1ab97ce403110664 -> 
  custom:video-codec-MediaFoundation-h265: 746d11721c4dcdbdad8f713fa42b33f4 -> 
  custom:video-decoder-webm-vp8: 9c59270c3fd7afecdb556c50c9e8de78 -> 
  custom:audio-decoder-ogg-vorbis: bf7c407c2cedff20999df2af8eb42d56 -> 
  custom:audio-encoder-webm-vorbis: bf7c407c2cedff20999df2af8eb42d56 -> 
AssetImportWorkerClient::OnTransportError - code=2 error=End of file
